<?xml version="1.0" encoding="UTF-8"?>
<testsuite name="SILab2Test" tests="1" skipped="0" failures="0" errors="0" timestamp="2022-05-19T12:22:42" hostname="DESKTOP-MLREQGC" time="0.015">
  <properties/>
  <testcase name="EveryBranchTest()" classname="SILab2Test" time="0.015"/>
  <system-out><![CDATA[]]></system-out>
  <system-err><![CDATA[]]></system-err>
</testsuite>
